2018-08-11 21:31:46.256 [restartedMain] INFO  com.example.DemoApplication -
				Starting DemoApplication on ke-PC with PID 14360 (E:\java\demo\target\classes started by ke in E:\java\demo)
2018-08-11 21:31:46.257 [restartedMain] INFO  com.example.DemoApplication -
				No active profile set, falling back to default profiles: default
2018-08-11 21:31:46.260 [restartedMain] INFO  o.s.b.c.e.AnnotationConfigEmbeddedWebApplicationContext -
				Refreshing org.springframework.boot.context.embedded.AnnotationConfigEmbeddedWebApplicationContext@6000bc84: startup date [Sat Aug 11 21:31:46 CST 2018]; root of context hierarchy
2018-08-11 21:31:46.768 [restartedMain] INFO  o.s.c.s.PostProcessorRegistrationDelegate$BeanPostProcessorChecker -
				Bean 'org.springframework.transaction.annotation.ProxyTransactionManagementConfiguration' of type [org.springframework.transaction.annotation.ProxyTransactionManagementConfiguration$$EnhancerBySpringCGLIB$$9e877c01] is not eligible for getting processed by all BeanPostProcessors (for example: not eligible for auto-proxying)
2018-08-11 21:31:46.776 [restartedMain] INFO  o.s.c.s.PostProcessorRegistrationDelegate$BeanPostProcessorChecker -
				Bean 'shiroConfig' of type [com.example.config.ShiroConfig$$EnhancerBySpringCGLIB$$bdadadbe] is not eligible for getting processed by all BeanPostProcessors (for example: not eligible for auto-proxying)
2018-08-11 21:31:46.802 [restartedMain] INFO  o.s.c.s.PostProcessorRegistrationDelegate$BeanPostProcessorChecker -
				Bean '(inner bean)#4ca3ab15' of type [org.springframework.beans.factory.config.PropertiesFactoryBean] is not eligible for getting processed by all BeanPostProcessors (for example: not eligible for auto-proxying)
2018-08-11 21:31:46.802 [restartedMain] INFO  o.s.c.s.PostProcessorRegistrationDelegate$BeanPostProcessorChecker -
				Bean '(inner bean)#4ca3ab15' of type [java.util.Properties] is not eligible for getting processed by all BeanPostProcessors (for example: not eligible for auto-proxying)
2018-08-11 21:31:46.804 [restartedMain] INFO  o.s.c.s.PostProcessorRegistrationDelegate$BeanPostProcessorChecker -
				Bean '(inner bean)#91c8ece' of type [org.springframework.data.repository.core.support.PropertiesBasedNamedQueries] is not eligible for getting processed by all BeanPostProcessors (for example: not eligible for auto-proxying)
2018-08-11 21:31:46.805 [restartedMain] INFO  o.s.c.s.PostProcessorRegistrationDelegate$BeanPostProcessorChecker -
				Bean '(inner bean)#109d65c2' of type [org.springframework.data.repository.query.ExtensionAwareEvaluationContextProvider] is not eligible for getting processed by all BeanPostProcessors (for example: not eligible for auto-proxying)
2018-08-11 21:31:46.808 [restartedMain] INFO  o.s.c.s.PostProcessorRegistrationDelegate$BeanPostProcessorChecker -
				Bean 'org.springframework.boot.devtools.autoconfigure.DevToolsDataSourceAutoConfiguration' of type [org.springframework.boot.devtools.autoconfigure.DevToolsDataSourceAutoConfiguration$$EnhancerBySpringCGLIB$$794b8b38] is not eligible for getting processed by all BeanPostProcessors (for example: not eligible for auto-proxying)
2018-08-11 21:31:46.810 [restartedMain] INFO  o.s.c.s.PostProcessorRegistrationDelegate$BeanPostProcessorChecker -
				Bean 'org.springframework.boot.autoconfigure.jdbc.DataSourceConfiguration$Generic' of type [org.springframework.boot.autoconfigure.jdbc.DataSourceConfiguration$Generic] is not eligible for getting processed by all BeanPostProcessors (for example: not eligible for auto-proxying)
2018-08-11 21:31:46.830 [restartedMain] INFO  o.s.c.s.PostProcessorRegistrationDelegate$BeanPostProcessorChecker -
				Bean 'spring.datasource-org.springframework.boot.autoconfigure.jdbc.DataSourceProperties' of type [org.springframework.boot.autoconfigure.jdbc.DataSourceProperties] is not eligible for getting processed by all BeanPostProcessors (for example: not eligible for auto-proxying)
2018-08-11 21:31:46.834 [restartedMain] INFO  o.s.c.s.PostProcessorRegistrationDelegate$BeanPostProcessorChecker -
				Bean 'dataSource' of type [com.alibaba.druid.pool.DruidDataSource] is not eligible for getting processed by all BeanPostProcessors (for example: not eligible for auto-proxying)
2018-08-11 21:31:46.836 [restartedMain] INFO  o.s.c.s.PostProcessorRegistrationDelegate$BeanPostProcessorChecker -
				Bean 'org.springframework.boot.autoconfigure.jdbc.DataSourceAutoConfiguration' of type [org.springframework.boot.autoconfigure.jdbc.DataSourceAutoConfiguration$$EnhancerBySpringCGLIB$$807b1f61] is not eligible for getting processed by all BeanPostProcessors (for example: not eligible for auto-proxying)
2018-08-11 21:31:46.841 [restartedMain] INFO  o.s.c.s.PostProcessorRegistrationDelegate$BeanPostProcessorChecker -
				Bean 'dataSourceInitializer' of type [org.springframework.boot.autoconfigure.jdbc.DataSourceInitializer] is not eligible for getting processed by all BeanPostProcessors (for example: not eligible for auto-proxying)
2018-08-11 21:31:46.842 [restartedMain] INFO  o.s.c.s.PostProcessorRegistrationDelegate$BeanPostProcessorChecker -
				Bean 'inMemoryDatabaseShutdownExecutor' of type [org.springframework.boot.devtools.autoconfigure.DevToolsDataSourceAutoConfiguration$NonEmbeddedInMemoryDatabaseShutdownExecutor] is not eligible for getting processed by all BeanPostProcessors (for example: not eligible for auto-proxying)
2018-08-11 21:31:46.848 [restartedMain] INFO  o.s.c.s.PostProcessorRegistrationDelegate$BeanPostProcessorChecker -
				Bean 'spring.jpa-org.springframework.boot.autoconfigure.orm.jpa.JpaProperties' of type [org.springframework.boot.autoconfigure.orm.jpa.JpaProperties] is not eligible for getting processed by all BeanPostProcessors (for example: not eligible for auto-proxying)
2018-08-11 21:31:46.851 [restartedMain] INFO  o.s.c.s.PostProcessorRegistrationDelegate$BeanPostProcessorChecker -
				Bean 'org.springframework.boot.autoconfigure.transaction.TransactionAutoConfiguration' of type [org.springframework.boot.autoconfigure.transaction.TransactionAutoConfiguration$$EnhancerBySpringCGLIB$$32fb770b] is not eligible for getting processed by all BeanPostProcessors (for example: not eligible for auto-proxying)
2018-08-11 21:31:46.856 [restartedMain] INFO  o.s.c.s.PostProcessorRegistrationDelegate$BeanPostProcessorChecker -
				Bean 'spring.transaction-org.springframework.boot.autoconfigure.transaction.TransactionProperties' of type [org.springframework.boot.autoconfigure.transaction.TransactionProperties] is not eligible for getting processed by all BeanPostProcessors (for example: not eligible for auto-proxying)
2018-08-11 21:31:46.857 [restartedMain] INFO  o.s.c.s.PostProcessorRegistrationDelegate$BeanPostProcessorChecker -
				Bean 'platformTransactionManagerCustomizers' of type [org.springframework.boot.autoconfigure.transaction.TransactionManagerCustomizers] is not eligible for getting processed by all BeanPostProcessors (for example: not eligible for auto-proxying)
2018-08-11 21:31:46.857 [restartedMain] INFO  o.s.c.s.PostProcessorRegistrationDelegate$BeanPostProcessorChecker -
				Bean 'org.springframework.boot.autoconfigure.orm.jpa.HibernateJpaAutoConfiguration' of type [org.springframework.boot.autoconfigure.orm.jpa.HibernateJpaAutoConfiguration$$EnhancerBySpringCGLIB$$80de021] is not eligible for getting processed by all BeanPostProcessors (for example: not eligible for auto-proxying)
2018-08-11 21:31:46.882 [restartedMain] INFO  com.alibaba.druid.pool.DruidDataSource -
				{dataSource-3} inited
2018-08-11 21:31:46.906 [restartedMain] INFO  o.s.c.s.PostProcessorRegistrationDelegate$BeanPostProcessorChecker -
				Bean 'jpaVendorAdapter' of type [org.springframework.orm.jpa.vendor.HibernateJpaVendorAdapter] is not eligible for getting processed by all BeanPostProcessors (for example: not eligible for auto-proxying)
2018-08-11 21:31:46.907 [restartedMain] INFO  o.s.c.s.PostProcessorRegistrationDelegate$BeanPostProcessorChecker -
				Bean 'entityManagerFactoryBuilder' of type [org.springframework.boot.orm.jpa.EntityManagerFactoryBuilder] is not eligible for getting processed by all BeanPostProcessors (for example: not eligible for auto-proxying)
2018-08-11 21:31:46.919 [restartedMain] INFO  o.s.orm.jpa.LocalContainerEntityManagerFactoryBean -
				Building JPA container EntityManagerFactory for persistence unit 'default'
2018-08-11 21:31:46.921 [restartedMain] INFO  org.hibernate.jpa.internal.util.LogHelper -
				HHH000204: Processing PersistenceUnitInfo [
	name: default
	...]
2018-08-11 21:31:46.937 [restartedMain] INFO  org.hibernate.dialect.Dialect -
				HHH000400: Using dialect: org.hibernate.dialect.MySQL5Dialect
2018-08-11 21:31:47.026 [restartedMain] INFO  org.hibernate.tool.hbm2ddl.SchemaUpdate -
				HHH000228: Running hbm2ddl schema update
2018-08-11 21:31:47.210 [restartedMain] INFO  o.s.orm.jpa.LocalContainerEntityManagerFactoryBean -
				Initialized JPA EntityManagerFactory for persistence unit 'default'
2018-08-11 21:31:47.213 [restartedMain] INFO  o.s.c.s.PostProcessorRegistrationDelegate$BeanPostProcessorChecker -
				Bean 'entityManagerFactory' of type [org.springframework.orm.jpa.LocalContainerEntityManagerFactoryBean] is not eligible for getting processed by all BeanPostProcessors (for example: not eligible for auto-proxying)
2018-08-11 21:31:47.213 [restartedMain] INFO  o.s.c.s.PostProcessorRegistrationDelegate$BeanPostProcessorChecker -
				Bean 'entityManagerFactory' of type [com.sun.proxy.$Proxy108] is not eligible for getting processed by all BeanPostProcessors (for example: not eligible for auto-proxying)
2018-08-11 21:31:47.228 [restartedMain] INFO  o.s.c.s.PostProcessorRegistrationDelegate$BeanPostProcessorChecker -
				Bean '(inner bean)#162c1c19' of type [com.sun.proxy.$Proxy109] is not eligible for getting processed by all BeanPostProcessors (for example: not eligible for auto-proxying)
2018-08-11 21:31:47.242 [restartedMain] INFO  o.s.c.s.PostProcessorRegistrationDelegate$BeanPostProcessorChecker -
				Bean 'jpaMappingContext' of type [org.springframework.data.jpa.repository.config.JpaMetamodelMappingContextFactoryBean] is not eligible for getting processed by all BeanPostProcessors (for example: not eligible for auto-proxying)
2018-08-11 21:31:47.243 [restartedMain] INFO  o.s.c.s.PostProcessorRegistrationDelegate$BeanPostProcessorChecker -
				Bean 'jpaMappingContext' of type [org.springframework.data.jpa.mapping.JpaMetamodelMappingContext] is not eligible for getting processed by all BeanPostProcessors (for example: not eligible for auto-proxying)
2018-08-11 21:31:47.259 [restartedMain] INFO  o.s.c.s.PostProcessorRegistrationDelegate$BeanPostProcessorChecker -
				Bean 'userDao' of type [org.springframework.data.jpa.repository.support.JpaRepositoryFactoryBean] is not eligible for getting processed by all BeanPostProcessors (for example: not eligible for auto-proxying)
2018-08-11 21:31:47.260 [restartedMain] INFO  o.s.c.s.PostProcessorRegistrationDelegate$BeanPostProcessorChecker -
				Bean 'userDao' of type [com.sun.proxy.$Proxy111] is not eligible for getting processed by all BeanPostProcessors (for example: not eligible for auto-proxying)
2018-08-11 21:31:47.261 [restartedMain] INFO  o.s.c.s.PostProcessorRegistrationDelegate$BeanPostProcessorChecker -
				Bean 'userService' of type [com.example.service.impl.UserServiceImpl] is not eligible for getting processed by all BeanPostProcessors (for example: not eligible for auto-proxying)
2018-08-11 21:31:47.261 [restartedMain] INFO  o.s.c.s.PostProcessorRegistrationDelegate$BeanPostProcessorChecker -
				Bean 'shiroRealm' of type [com.example.shiro.ShiroRealm] is not eligible for getting processed by all BeanPostProcessors (for example: not eligible for auto-proxying)
2018-08-11 21:31:47.262 [restartedMain] INFO  o.s.c.s.PostProcessorRegistrationDelegate$BeanPostProcessorChecker -
				Bean 'securityManager' of type [org.apache.shiro.web.mgt.DefaultWebSecurityManager] is not eligible for getting processed by all BeanPostProcessors (for example: not eligible for auto-proxying)
2018-08-11 21:31:47.405 [restartedMain] INFO  o.s.b.c.e.tomcat.TomcatEmbeddedServletContainer -
				Tomcat initialized with port(s): 8080 (http)
2018-08-11 21:31:47.406 [restartedMain] INFO  org.apache.coyote.http11.Http11NioProtocol -
				Initializing ProtocolHandler ["http-nio-8080"]
2018-08-11 21:31:47.407 [restartedMain] INFO  org.apache.catalina.core.StandardService -
				Starting service [Tomcat]
2018-08-11 21:31:47.407 [restartedMain] INFO  org.apache.catalina.core.StandardEngine -
				Starting Servlet Engine: Apache Tomcat/8.5.31
2018-08-11 21:31:47.454 [localhost-startStop-1] INFO  o.a.c.core.ContainerBase.[Tomcat].[localhost].[/] -
				Initializing Spring embedded WebApplicationContext
2018-08-11 21:31:47.457 [localhost-startStop-1] INFO  org.springframework.web.context.ContextLoader -
				Root WebApplicationContext: initialization completed in 1197 ms
2018-08-11 21:31:47.496 [localhost-startStop-1] INFO  o.s.boot.web.servlet.ServletRegistrationBean -
				Mapping servlet: 'dispatcherServlet' to [/]
2018-08-11 21:31:47.496 [localhost-startStop-1] INFO  o.s.boot.web.servlet.FilterRegistrationBean -
				Mapping filter: 'characterEncodingFilter' to: [/*]
2018-08-11 21:31:47.496 [localhost-startStop-1] INFO  o.s.boot.web.servlet.FilterRegistrationBean -
				Mapping filter: 'hiddenHttpMethodFilter' to: [/*]
2018-08-11 21:31:47.496 [localhost-startStop-1] INFO  o.s.boot.web.servlet.FilterRegistrationBean -
				Mapping filter: 'httpPutFormContentFilter' to: [/*]
2018-08-11 21:31:47.497 [localhost-startStop-1] INFO  o.s.boot.web.servlet.FilterRegistrationBean -
				Mapping filter: 'requestContextFilter' to: [/*]
2018-08-11 21:31:47.497 [localhost-startStop-1] INFO  o.s.boot.web.servlet.FilterRegistrationBean -
				Mapping filter: 'shiroFilter' to: [/*]
2018-08-11 21:31:47.662 [restartedMain] INFO  o.s.w.s.m.m.a.RequestMappingHandlerAdapter -
				Looking for @ControllerAdvice: org.springframework.boot.context.embedded.AnnotationConfigEmbeddedWebApplicationContext@6000bc84: startup date [Sat Aug 11 21:31:46 CST 2018]; root of context hierarchy
2018-08-11 21:31:47.672 [restartedMain] INFO  o.s.w.s.m.m.a.RequestMappingHandlerMapping -
				Mapped "{[/goods/add],methods=[GET]}" onto public java.lang.String com.example.controller.GoodsController.add()
2018-08-11 21:31:47.672 [restartedMain] INFO  o.s.w.s.m.m.a.RequestMappingHandlerMapping -
				Mapped "{[/goods/delete],methods=[GET]}" onto public java.lang.String com.example.controller.GoodsController.delete()
2018-08-11 21:31:47.672 [restartedMain] INFO  o.s.w.s.m.m.a.RequestMappingHandlerMapping -
				Mapped "{[/goods/list],methods=[GET]}" onto public java.lang.String com.example.controller.GoodsController.list()
2018-08-11 21:31:47.675 [restartedMain] INFO  o.s.w.s.m.m.a.RequestMappingHandlerMapping -
				Mapped "{[/home/test]}" onto public java.lang.String com.example.controller.LoginContorller.test() throws java.lang.Exception
2018-08-11 21:31:47.675 [restartedMain] INFO  o.s.w.s.m.m.a.RequestMappingHandlerMapping -
				Mapped "{[/login]}" onto public java.lang.String com.example.controller.LoginContorller.gotoLogin(javax.servlet.http.HttpServletRequest,javax.servlet.http.HttpServletResponse,java.lang.String)
2018-08-11 21:31:47.676 [restartedMain] INFO  o.s.w.s.m.m.a.RequestMappingHandlerMapping -
				Mapped "{[/validata]}" onto public java.lang.String com.example.controller.LoginContorller.login(java.lang.String,java.lang.String,javax.servlet.http.HttpServletRequest,org.springframework.ui.ModelMap)
2018-08-11 21:31:47.676 [restartedMain] INFO  o.s.w.s.m.m.a.RequestMappingHandlerMapping -
				Mapped "{[/home/left]}" onto public java.lang.String com.example.controller.LoginContorller.gotoMenu()
2018-08-11 21:31:47.676 [restartedMain] INFO  o.s.w.s.m.m.a.RequestMappingHandlerMapping -
				Mapped "{[/home/index]}" onto public java.lang.String com.example.controller.LoginContorller.gotoMain()
2018-08-11 21:31:47.677 [restartedMain] INFO  o.s.w.s.m.m.a.RequestMappingHandlerMapping -
				Mapped "{[/home/right]}" onto public java.lang.String com.example.controller.LoginContorller.gotoRight()
2018-08-11 21:31:47.678 [restartedMain] INFO  o.s.w.s.m.m.a.RequestMappingHandlerMapping -
				Mapped "{[/error]}" onto public org.springframework.http.ResponseEntity<java.util.Map<java.lang.String, java.lang.Object>> org.springframework.boot.autoconfigure.web.BasicErrorController.error(javax.servlet.http.HttpServletRequest)
2018-08-11 21:31:47.679 [restartedMain] INFO  o.s.w.s.m.m.a.RequestMappingHandlerMapping -
				Mapped "{[/error],produces=[text/html]}" onto public org.springframework.web.servlet.ModelAndView org.springframework.boot.autoconfigure.web.BasicErrorController.errorHtml(javax.servlet.http.HttpServletRequest,javax.servlet.http.HttpServletResponse)
2018-08-11 21:31:47.686 [restartedMain] INFO  o.s.web.servlet.handler.SimpleUrlHandlerMapping -
				Mapped URL path [/webjars/**] onto handler of type [class org.springframework.web.servlet.resource.ResourceHttpRequestHandler]
2018-08-11 21:31:47.687 [restartedMain] INFO  o.s.web.servlet.handler.SimpleUrlHandlerMapping -
				Mapped URL path [/**] onto handler of type [class org.springframework.web.servlet.resource.ResourceHttpRequestHandler]
2018-08-11 21:31:47.694 [restartedMain] INFO  o.s.w.s.m.m.a.ExceptionHandlerExceptionResolver -
				Detected @ExceptionHandler methods in globalExceptionHandler
2018-08-11 21:31:47.700 [restartedMain] INFO  o.s.web.servlet.handler.SimpleUrlHandlerMapping -
				Mapped URL path [/**/favicon.ico] onto handler of type [class org.springframework.web.servlet.resource.ResourceHttpRequestHandler]
2018-08-11 21:31:47.775 [restartedMain] INFO  o.s.b.d.autoconfigure.OptionalLiveReloadServer -
				LiveReload server is running on port 35729
2018-08-11 21:31:47.824 [restartedMain] INFO  o.s.jmx.export.annotation.AnnotationMBeanExporter -
				Registering beans for JMX exposure on startup
2018-08-11 21:31:47.825 [restartedMain] INFO  o.s.jmx.export.annotation.AnnotationMBeanExporter -
				Bean with name 'dataSource' has been autodetected for JMX exposure
2018-08-11 21:31:47.828 [restartedMain] INFO  o.s.jmx.export.annotation.AnnotationMBeanExporter -
				Located MBean 'dataSource': registering with JMX server as MBean [com.alibaba.druid.pool:name=dataSource,type=DruidDataSource]
2018-08-11 21:31:47.834 [restartedMain] INFO  org.apache.coyote.http11.Http11NioProtocol -
				Starting ProtocolHandler ["http-nio-8080"]
2018-08-11 21:31:47.840 [restartedMain] INFO  org.apache.tomcat.util.net.NioSelectorPool -
				Using a shared selector for servlet write/read
2018-08-11 21:31:47.865 [restartedMain] INFO  o.s.b.c.e.tomcat.TomcatEmbeddedServletContainer -
				Tomcat started on port(s): 8080 (http)
2018-08-11 21:31:47.868 [restartedMain] INFO  com.example.DemoApplication -
				Started DemoApplication in 1.697 seconds (JVM running for 137.137)
2018-08-11 21:31:52.881 [http-nio-8080-exec-10] INFO  o.a.c.core.ContainerBase.[Tomcat].[localhost].[/] -
				Initializing Spring FrameworkServlet 'dispatcherServlet'
2018-08-11 21:31:52.881 [http-nio-8080-exec-10] INFO  org.springframework.web.servlet.DispatcherServlet -
				FrameworkServlet 'dispatcherServlet': initialization started
2018-08-11 21:31:52.887 [http-nio-8080-exec-10] INFO  org.springframework.web.servlet.DispatcherServlet -
				FrameworkServlet 'dispatcherServlet': initialization completed in 6 ms
2018-08-11 21:31:52.890 [http-nio-8080-exec-10] INFO  com.example.aop.GlobalExceptionHandler -
				info...
2018-08-11 21:31:52.891 [http-nio-8080-exec-10] ERROR com.example.aop.GlobalExceptionHandler -
				error...
2018-08-11 21:31:52.891 [http-nio-8080-exec-10] ERROR com.example.aop.GlobalExceptionHandler -
				/ by zero
2018-08-11 21:31:52.891 [http-nio-8080-exec-10] WARN  o.s.w.s.m.m.a.ExceptionHandlerExceptionResolver -
				Resolved exception caused by Handler execution: java.lang.ArithmeticException: / by zero
2018-08-11 21:31:52.893 [http-nio-8080-exec-10] INFO  org.thymeleaf.TemplateEngine -
				[THYMELEAF] INITIALIZING TEMPLATE ENGINE
2018-08-11 21:31:52.896 [http-nio-8080-exec-10] INFO  o.t.templateresolver.AbstractTemplateResolver -
				[THYMELEAF] INITIALIZING TEMPLATE RESOLVER: org.thymeleaf.spring4.templateresolver.SpringResourceTemplateResolver
2018-08-11 21:31:52.896 [http-nio-8080-exec-10] INFO  o.t.templateresolver.AbstractTemplateResolver -
				[THYMELEAF] TEMPLATE RESOLVER INITIALIZED OK
2018-08-11 21:31:52.896 [http-nio-8080-exec-10] INFO  o.t.messageresolver.AbstractMessageResolver -
				[THYMELEAF] INITIALIZING MESSAGE RESOLVER: org.thymeleaf.spring4.messageresolver.SpringMessageResolver
2018-08-11 21:31:52.896 [http-nio-8080-exec-10] INFO  o.t.messageresolver.AbstractMessageResolver -
				[THYMELEAF] MESSAGE RESOLVER INITIALIZED OK
2018-08-11 21:31:52.896 [http-nio-8080-exec-10] INFO  org.thymeleaf.TemplateEngine.CONFIG -
				[THYMELEAF] TEMPLATE ENGINE CONFIGURATION:
[THYMELEAF] * Cache Factory implementation: org.thymeleaf.cache.StandardCacheManager
[THYMELEAF] * Template modes:
[THYMELEAF]     * VALIDXHTML
[THYMELEAF]     * XML
[THYMELEAF]     * HTML5
[THYMELEAF]     * XHTML
[THYMELEAF]     * VALIDXML
[THYMELEAF]     * LEGACYHTML5
[THYMELEAF] * Template resolvers (in order):
[THYMELEAF]     * org.thymeleaf.spring4.templateresolver.SpringResourceTemplateResolver
[THYMELEAF] * Message resolvers (in order):
[THYMELEAF]     * org.thymeleaf.spring4.messageresolver.SpringMessageResolver
[THYMELEAF] * Dialect [1 of 3]: org.thymeleaf.spring4.dialect.SpringStandardDialect
[THYMELEAF]     * Prefix: "th"
[THYMELEAF] * Dialect [2 of 3]: at.pollux.thymeleaf.shiro.dialect.ShiroDialect
[THYMELEAF]     * Prefix: "shiro"
[THYMELEAF] * Dialect [3 of 3]: nz.net.ultraq.thymeleaf.LayoutDialect
[THYMELEAF]     * Prefix: "layout"
[THYMELEAF] TEMPLATE ENGINE CONFIGURED OK
2018-08-11 21:31:52.897 [http-nio-8080-exec-10] INFO  org.thymeleaf.TemplateEngine -
				[THYMELEAF] TEMPLATE ENGINE INITIALIZED
2018-08-11 21:32:35.542 [Thread-16] INFO  o.s.b.c.e.AnnotationConfigEmbeddedWebApplicationContext -
				Closing org.springframework.boot.context.embedded.AnnotationConfigEmbeddedWebApplicationContext@6000bc84: startup date [Sat Aug 11 21:31:46 CST 2018]; root of context hierarchy
2018-08-11 21:32:35.543 [Thread-16] INFO  o.s.jmx.export.annotation.AnnotationMBeanExporter -
				Unregistering JMX-exposed beans on shutdown
2018-08-11 21:32:35.544 [Thread-16] INFO  o.s.jmx.export.annotation.AnnotationMBeanExporter -
				Unregistering JMX-exposed beans
2018-08-11 21:32:35.548 [Thread-16] INFO  o.s.orm.jpa.LocalContainerEntityManagerFactoryBean -
				Closing JPA EntityManagerFactory for persistence unit 'default'
2018-08-11 21:32:35.551 [Thread-16] INFO  com.alibaba.druid.pool.DruidDataSource -
				{dataSource-3} closed
